[0.524s] DEBUG:colcon:Command line arguments: ['/usr/bin/colcon', 'build']
[0.525s] DEBUG:colcon:Parsed command line arguments: Namespace(log_base=None, log_level=None, verb_name='build', build_base='build', install_base='install', merge_install=False, symlink_install=False, test_result_base=None, continue_on_error=False, executor='parallel', parallel_workers=2, event_handlers=None, ignore_user_meta=False, metas=['./colcon.meta'], base_paths=['.'], packages_ignore=None, packages_ignore_regex=None, paths=None, packages_up_to=None, packages_up_to_regex=None, packages_above=None, packages_above_and_dependencies=None, packages_above_depth=None, packages_select_by_dep=None, packages_skip_by_dep=None, packages_skip_up_to=None, packages_select_build_failed=False, packages_skip_build_finished=False, packages_select_test_failures=False, packages_skip_test_passed=False, packages_select=None, packages_skip=None, packages_select_regex=None, packages_skip_regex=None, packages_start=None, packages_end=None, allow_overriding=[], cmake_args=None, cmake_target=None, cmake_target_skip_unavailable=False, cmake_clean_cache=False, cmake_clean_first=False, cmake_force_configure=False, ament_cmake_args=None, catkin_cmake_args=None, catkin_skip_building_tests=False, verb_parser=<colcon_defaults.argument_parser.defaults.DefaultArgumentsDecorator object at 0x70518d97fb60>, verb_extension=<colcon_core.verb.build.BuildVerb object at 0x70518d97faa0>, main=<bound method BuildVerb.main of <colcon_core.verb.build.BuildVerb object at 0x70518d97faa0>>)
[0.712s] Level 1:colcon.colcon_core.package_discovery:discover_packages(colcon_meta) check parameters
[0.713s] Level 1:colcon.colcon_core.package_discovery:discover_packages(recursive) check parameters
[0.713s] Level 1:colcon.colcon_core.package_discovery:discover_packages(ignore) check parameters
[0.713s] Level 1:colcon.colcon_core.package_discovery:discover_packages(path) check parameters
[0.713s] Level 1:colcon.colcon_core.package_discovery:discover_packages(colcon_meta) discover
[0.714s] Level 1:colcon.colcon_core.package_discovery:discover_packages(recursive) discover
[0.714s] INFO:colcon.colcon_core.package_discovery:Crawling recursively for packages in '/home/david/MidsermWS/midserm_rosCopy_1/mid-semester-exams-practicals-robottt'
[0.714s] Level 1:colcon.colcon_core.package_identification:_identify(.) by extensions ['ignore', 'ignore_ament_install']
[0.715s] Level 1:colcon.colcon_core.package_identification:_identify(.) by extension 'ignore'
[0.715s] Level 1:colcon.colcon_core.package_identification:_identify(.) by extension 'ignore_ament_install'
[0.715s] Level 1:colcon.colcon_core.package_identification:_identify(.) by extensions ['colcon_pkg']
[0.715s] Level 1:colcon.colcon_core.package_identification:_identify(.) by extension 'colcon_pkg'
[0.716s] Level 1:colcon.colcon_core.package_identification:_identify(.) by extensions ['colcon_meta']
[0.716s] Level 1:colcon.colcon_core.package_identification:_identify(.) by extension 'colcon_meta'
[0.716s] Level 1:colcon.colcon_core.package_identification:_identify(.) by extensions ['ros']
[0.716s] Level 1:colcon.colcon_core.package_identification:_identify(.) by extension 'ros'
[0.835s] Level 1:colcon.colcon_core.package_identification:_identify(.) by extensions ['cmake', 'python']
[0.836s] Level 1:colcon.colcon_core.package_identification:_identify(.) by extension 'cmake'
[0.836s] Level 1:colcon.colcon_core.package_identification:_identify(.) by extension 'python'
[0.836s] Level 1:colcon.colcon_core.package_identification:_identify(.) by extensions ['python_setup_py']
[0.836s] Level 1:colcon.colcon_core.package_identification:_identify(.) by extension 'python_setup_py'
[0.837s] Level 1:colcon.colcon_core.package_identification:_identify(build) by extensions ['ignore', 'ignore_ament_install']
[0.837s] Level 1:colcon.colcon_core.package_identification:_identify(build) by extension 'ignore'
[0.837s] Level 1:colcon.colcon_core.package_identification:_identify(build) ignored
[0.838s] Level 1:colcon.colcon_core.package_identification:_identify(install) by extensions ['ignore', 'ignore_ament_install']
[0.838s] Level 1:colcon.colcon_core.package_identification:_identify(install) by extension 'ignore'
[0.839s] Level 1:colcon.colcon_core.package_identification:_identify(install) ignored
[0.839s] Level 1:colcon.colcon_core.package_identification:_identify(log) by extensions ['ignore', 'ignore_ament_install']
[0.839s] Level 1:colcon.colcon_core.package_identification:_identify(log) by extension 'ignore'
[0.840s] Level 1:colcon.colcon_core.package_identification:_identify(log) ignored
[0.840s] Level 1:colcon.colcon_core.package_identification:_identify(src) by extensions ['ignore', 'ignore_ament_install']
[0.840s] Level 1:colcon.colcon_core.package_identification:_identify(src) by extension 'ignore'
[0.840s] Level 1:colcon.colcon_core.package_identification:_identify(src) by extension 'ignore_ament_install'
[0.841s] Level 1:colcon.colcon_core.package_identification:_identify(src) by extensions ['colcon_pkg']
[0.841s] Level 1:colcon.colcon_core.package_identification:_identify(src) by extension 'colcon_pkg'
[0.841s] Level 1:colcon.colcon_core.package_identification:_identify(src) by extensions ['colcon_meta']
[0.841s] Level 1:colcon.colcon_core.package_identification:_identify(src) by extension 'colcon_meta'
[0.841s] Level 1:colcon.colcon_core.package_identification:_identify(src) by extensions ['ros']
[0.841s] Level 1:colcon.colcon_core.package_identification:_identify(src) by extension 'ros'
[0.842s] Level 1:colcon.colcon_core.package_identification:_identify(src) by extensions ['cmake', 'python']
[0.842s] Level 1:colcon.colcon_core.package_identification:_identify(src) by extension 'cmake'
[0.842s] Level 1:colcon.colcon_core.package_identification:_identify(src) by extension 'python'
[0.842s] Level 1:colcon.colcon_core.package_identification:_identify(src) by extensions ['python_setup_py']
[0.842s] Level 1:colcon.colcon_core.package_identification:_identify(src) by extension 'python_setup_py'
[0.843s] Level 1:colcon.colcon_core.package_identification:_identify(src/maze_energy) by extensions ['ignore', 'ignore_ament_install']
[0.843s] Level 1:colcon.colcon_core.package_identification:_identify(src/maze_energy) by extension 'ignore'
[0.844s] Level 1:colcon.colcon_core.package_identification:_identify(src/maze_energy) by extension 'ignore_ament_install'
[0.844s] Level 1:colcon.colcon_core.package_identification:_identify(src/maze_energy) by extensions ['colcon_pkg']
[0.844s] Level 1:colcon.colcon_core.package_identification:_identify(src/maze_energy) by extension 'colcon_pkg'
[0.844s] Level 1:colcon.colcon_core.package_identification:_identify(src/maze_energy) by extensions ['colcon_meta']
[0.844s] Level 1:colcon.colcon_core.package_identification:_identify(src/maze_energy) by extension 'colcon_meta'
[0.844s] Level 1:colcon.colcon_core.package_identification:_identify(src/maze_energy) by extensions ['ros']
[0.845s] Level 1:colcon.colcon_core.package_identification:_identify(src/maze_energy) by extension 'ros'
[0.860s] DEBUG:colcon.colcon_core.package_identification:Package 'src/maze_energy' with type 'ros.ament_python' and name 'maze_energy'
[0.860s] Level 1:colcon.colcon_core.package_identification:_identify(src/rover_description) by extensions ['ignore', 'ignore_ament_install']
[0.861s] Level 1:colcon.colcon_core.package_identification:_identify(src/rover_description) by extension 'ignore'
[0.861s] Level 1:colcon.colcon_core.package_identification:_identify(src/rover_description) by extension 'ignore_ament_install'
[0.861s] Level 1:colcon.colcon_core.package_identification:_identify(src/rover_description) by extensions ['colcon_pkg']
[0.862s] Level 1:colcon.colcon_core.package_identification:_identify(src/rover_description) by extension 'colcon_pkg'
[0.862s] Level 1:colcon.colcon_core.package_identification:_identify(src/rover_description) by extensions ['colcon_meta']
[0.862s] Level 1:colcon.colcon_core.package_identification:_identify(src/rover_description) by extension 'colcon_meta'
[0.862s] Level 1:colcon.colcon_core.package_identification:_identify(src/rover_description) by extensions ['ros']
[0.862s] Level 1:colcon.colcon_core.package_identification:_identify(src/rover_description) by extension 'ros'
[0.865s] DEBUG:colcon.colcon_core.package_identification:Package 'src/rover_description' with type 'ros.ament_python' and name 'rover_description'
[0.865s] Level 1:colcon.colcon_core.package_discovery:discover_packages(recursive) using defaults
[0.865s] Level 1:colcon.colcon_core.package_discovery:discover_packages(ignore) discover
[0.865s] Level 1:colcon.colcon_core.package_discovery:discover_packages(ignore) using defaults
[0.865s] Level 1:colcon.colcon_core.package_discovery:discover_packages(path) discover
[0.866s] Level 1:colcon.colcon_core.package_discovery:discover_packages(path) using defaults
[0.947s] Level 1:colcon.colcon_core.package_discovery:discover_packages(prefix_path) check parameters
[0.947s] Level 1:colcon.colcon_core.package_discovery:discover_packages(prefix_path) discover
[0.951s] WARNING:colcon.colcon_core.prefix_path.colcon:The path '/home/david/MidsermWS/midserm_rosCopy_1/mid-semester-exams-practicals-robottt/src/install' in the environment variable COLCON_PREFIX_PATH doesn't exist
[0.952s] WARNING:colcon.colcon_ros.prefix_path.ament:The path '/home/david/MidsermWS/midserm_rosCopy_1/mid-semester-exams-practicals-robottt/src/install/rover_description' in the environment variable AMENT_PREFIX_PATH doesn't exist
[0.952s] WARNING:colcon.colcon_ros.prefix_path.ament:The path '/home/david/MidsermWS/midserm_rosCopy_1/mid-semester-exams-practicals-robottt/src/install/maze_energy' in the environment variable AMENT_PREFIX_PATH doesn't exist
[0.958s] DEBUG:colcon.colcon_installed_package_information.package_discovery:Found 4 installed packages in /home/david/ros2_ws/install
[0.969s] DEBUG:colcon.colcon_installed_package_information.package_discovery:Found 323 installed packages in /opt/ros/jazzy
[0.975s] Level 1:colcon.colcon_core.package_discovery:discover_packages(prefix_path) using defaults
[1.230s] Level 5:colcon.colcon_core.verb:set package 'maze_energy' build argument 'cmake_args' from command line to 'None'
[1.230s] Level 5:colcon.colcon_core.verb:set package 'maze_energy' build argument 'cmake_target' from command line to 'None'
[1.230s] Level 5:colcon.colcon_core.verb:set package 'maze_energy' build argument 'cmake_target_skip_unavailable' from command line to 'False'
[1.230s] Level 5:colcon.colcon_core.verb:set package 'maze_energy' build argument 'cmake_clean_cache' from command line to 'False'
[1.230s] Level 5:colcon.colcon_core.verb:set package 'maze_energy' build argument 'cmake_clean_first' from command line to 'False'
[1.231s] Level 5:colcon.colcon_core.verb:set package 'maze_energy' build argument 'cmake_force_configure' from command line to 'False'
[1.231s] Level 5:colcon.colcon_core.verb:set package 'maze_energy' build argument 'ament_cmake_args' from command line to 'None'
[1.231s] Level 5:colcon.colcon_core.verb:set package 'maze_energy' build argument 'catkin_cmake_args' from command line to 'None'
[1.231s] Level 5:colcon.colcon_core.verb:set package 'maze_energy' build argument 'catkin_skip_building_tests' from command line to 'False'
[1.231s] DEBUG:colcon.colcon_core.verb:Building package 'maze_energy' with the following arguments: {'ament_cmake_args': None, 'build_base': '/home/david/MidsermWS/midserm_rosCopy_1/mid-semester-exams-practicals-robottt/build/maze_energy', 'catkin_cmake_args': None, 'catkin_skip_building_tests': False, 'cmake_args': None, 'cmake_clean_cache': False, 'cmake_clean_first': False, 'cmake_force_configure': False, 'cmake_target': None, 'cmake_target_skip_unavailable': False, 'install_base': '/home/david/MidsermWS/midserm_rosCopy_1/mid-semester-exams-practicals-robottt/install/maze_energy', 'merge_install': False, 'path': '/home/david/MidsermWS/midserm_rosCopy_1/mid-semester-exams-practicals-robottt/src/maze_energy', 'symlink_install': False, 'test_result_base': None}
[1.233s] Level 5:colcon.colcon_core.verb:set package 'rover_description' build argument 'cmake_args' from command line to 'None'
[1.233s] Level 5:colcon.colcon_core.verb:set package 'rover_description' build argument 'cmake_target' from command line to 'None'
[1.233s] Level 5:colcon.colcon_core.verb:set package 'rover_description' build argument 'cmake_target_skip_unavailable' from command line to 'False'
[1.233s] Level 5:colcon.colcon_core.verb:set package 'rover_description' build argument 'cmake_clean_cache' from command line to 'False'
[1.233s] Level 5:colcon.colcon_core.verb:set package 'rover_description' build argument 'cmake_clean_first' from command line to 'False'
[1.233s] Level 5:colcon.colcon_core.verb:set package 'rover_description' build argument 'cmake_force_configure' from command line to 'False'
[1.233s] Level 5:colcon.colcon_core.verb:set package 'rover_description' build argument 'ament_cmake_args' from command line to 'None'
[1.234s] Level 5:colcon.colcon_core.verb:set package 'rover_description' build argument 'catkin_cmake_args' from command line to 'None'
[1.234s] Level 5:colcon.colcon_core.verb:set package 'rover_description' build argument 'catkin_skip_building_tests' from command line to 'False'
[1.234s] DEBUG:colcon.colcon_core.verb:Building package 'rover_description' with the following arguments: {'ament_cmake_args': None, 'build_base': '/home/david/MidsermWS/midserm_rosCopy_1/mid-semester-exams-practicals-robottt/build/rover_description', 'catkin_cmake_args': None, 'catkin_skip_building_tests': False, 'cmake_args': None, 'cmake_clean_cache': False, 'cmake_clean_first': False, 'cmake_force_configure': False, 'cmake_target': None, 'cmake_target_skip_unavailable': False, 'install_base': '/home/david/MidsermWS/midserm_rosCopy_1/mid-semester-exams-practicals-robottt/install/rover_description', 'merge_install': False, 'path': '/home/david/MidsermWS/midserm_rosCopy_1/mid-semester-exams-practicals-robottt/src/rover_description', 'symlink_install': False, 'test_result_base': None}
[1.234s] INFO:colcon.colcon_core.executor:Executing jobs using 'parallel' executor
[1.239s] DEBUG:colcon.colcon_parallel_executor.executor.parallel:run_until_complete
[1.240s] INFO:colcon.colcon_ros.task.ament_python.build:Building ROS package in '/home/david/MidsermWS/midserm_rosCopy_1/mid-semester-exams-practicals-robottt/src/maze_energy' with build type 'ament_python'
[1.241s] Level 1:colcon.colcon_core.shell:create_environment_hook('maze_energy', 'ament_prefix_path')
[1.251s] INFO:colcon.colcon_core.plugin_system:Skipping extension 'colcon_core.shell.bat': Not used on non-Windows systems
[1.253s] INFO:colcon.colcon_core.shell:Creating environment hook '/home/david/MidsermWS/midserm_rosCopy_1/mid-semester-exams-practicals-robottt/install/maze_energy/share/maze_energy/hook/ament_prefix_path.ps1'
[1.257s] INFO:colcon.colcon_core.shell:Creating environment descriptor '/home/david/MidsermWS/midserm_rosCopy_1/mid-semester-exams-practicals-robottt/install/maze_energy/share/maze_energy/hook/ament_prefix_path.dsv'
[1.260s] INFO:colcon.colcon_core.shell:Creating environment hook '/home/david/MidsermWS/midserm_rosCopy_1/mid-semester-exams-practicals-robottt/install/maze_energy/share/maze_energy/hook/ament_prefix_path.sh'
[1.264s] INFO:colcon.colcon_core.shell:Skip shell extension 'powershell' for command environment: Not usable outside of PowerShell
[1.264s] DEBUG:colcon.colcon_core.shell:Skip shell extension 'dsv' for command environment
[1.287s] INFO:colcon.colcon_ros.task.ament_python.build:Building ROS package in '/home/david/MidsermWS/midserm_rosCopy_1/mid-semester-exams-practicals-robottt/src/rover_description' with build type 'ament_python'
[1.288s] Level 1:colcon.colcon_core.shell:create_environment_hook('rover_description', 'ament_prefix_path')
[1.289s] INFO:colcon.colcon_core.shell:Creating environment hook '/home/david/MidsermWS/midserm_rosCopy_1/mid-semester-exams-practicals-robottt/install/rover_description/share/rover_description/hook/ament_prefix_path.ps1'
[1.291s] INFO:colcon.colcon_core.shell:Creating environment descriptor '/home/david/MidsermWS/midserm_rosCopy_1/mid-semester-exams-practicals-robottt/install/rover_description/share/rover_description/hook/ament_prefix_path.dsv'
[1.292s] INFO:colcon.colcon_core.shell:Creating environment hook '/home/david/MidsermWS/midserm_rosCopy_1/mid-semester-exams-practicals-robottt/install/rover_description/share/rover_description/hook/ament_prefix_path.sh'
[1.295s] INFO:colcon.colcon_core.shell:Skip shell extension 'powershell' for command environment: Not usable outside of PowerShell
[1.295s] DEBUG:colcon.colcon_core.shell:Skip shell extension 'dsv' for command environment
[2.457s] INFO:colcon.colcon_core.task.python.build:Building Python package in '/home/david/MidsermWS/midserm_rosCopy_1/mid-semester-exams-practicals-robottt/src/maze_energy'
[2.458s] INFO:colcon.colcon_core.shell:Skip shell extension 'powershell' for command environment: Not usable outside of PowerShell
[2.458s] DEBUG:colcon.colcon_core.shell:Skip shell extension 'dsv' for command environment
[3.647s] INFO:colcon.colcon_core.task.python.build:Building Python package in '/home/david/MidsermWS/midserm_rosCopy_1/mid-semester-exams-practicals-robottt/src/rover_description'
[3.648s] INFO:colcon.colcon_core.shell:Skip shell extension 'powershell' for command environment: Not usable outside of PowerShell
[3.652s] DEBUG:colcon.colcon_core.shell:Skip shell extension 'dsv' for command environment
[7.231s] DEBUG:colcon.colcon_core.event_handler.log_command:Invoking command in '/home/david/MidsermWS/midserm_rosCopy_1/mid-semester-exams-practicals-robottt/src/maze_energy': DEBUGINFOD_URLS=https://debuginfod.ubuntu.com PYTHONPATH=/home/david/MidsermWS/midserm_rosCopy_1/mid-semester-exams-practicals-robottt/build/maze_energy/prefix_override:/usr/lib/python3/dist-packages/colcon_core/task/python/colcon_distutils_commands:/home/david/MidsermWS/midserm_rosCopy_1/mid-semester-exams-practicals-robottt/install/maze_energy/lib/python3.12/site-packages:${PYTHONPATH} /usr/bin/python3 -W ignore:setup.py install is deprecated -W ignore:easy_install command is deprecated setup.py egg_info --egg-base ../../build/maze_energy build --build-base /home/david/MidsermWS/midserm_rosCopy_1/mid-semester-exams-practicals-robottt/build/maze_energy/build install --record /home/david/MidsermWS/midserm_rosCopy_1/mid-semester-exams-practicals-robottt/build/maze_energy/install.log --single-version-externally-managed install_data
[8.035s] DEBUG:colcon.colcon_core.event_handler.log_command:Invoking command in '/home/david/MidsermWS/midserm_rosCopy_1/mid-semester-exams-practicals-robottt/src/rover_description': DEBUGINFOD_URLS=https://debuginfod.ubuntu.com PYTHONPATH=/home/david/MidsermWS/midserm_rosCopy_1/mid-semester-exams-practicals-robottt/build/rover_description/prefix_override:/usr/lib/python3/dist-packages/colcon_core/task/python/colcon_distutils_commands:/home/david/MidsermWS/midserm_rosCopy_1/mid-semester-exams-practicals-robottt/install/rover_description/lib/python3.12/site-packages:${PYTHONPATH} /usr/bin/python3 -W ignore:setup.py install is deprecated -W ignore:easy_install command is deprecated setup.py egg_info --egg-base ../../build/rover_description build --build-base /home/david/MidsermWS/midserm_rosCopy_1/mid-semester-exams-practicals-robottt/build/rover_description/build install --record /home/david/MidsermWS/midserm_rosCopy_1/mid-semester-exams-practicals-robottt/build/rover_description/install.log --single-version-externally-managed install_data
[11.041s] DEBUG:colcon.colcon_core.event_handler.log_command:Invoked command in '/home/david/MidsermWS/midserm_rosCopy_1/mid-semester-exams-practicals-robottt/src/maze_energy' returned '0': DEBUGINFOD_URLS=https://debuginfod.ubuntu.com PYTHONPATH=/home/david/MidsermWS/midserm_rosCopy_1/mid-semester-exams-practicals-robottt/build/maze_energy/prefix_override:/usr/lib/python3/dist-packages/colcon_core/task/python/colcon_distutils_commands:/home/david/MidsermWS/midserm_rosCopy_1/mid-semester-exams-practicals-robottt/install/maze_energy/lib/python3.12/site-packages:${PYTHONPATH} /usr/bin/python3 -W ignore:setup.py install is deprecated -W ignore:easy_install command is deprecated setup.py egg_info --egg-base ../../build/maze_energy build --build-base /home/david/MidsermWS/midserm_rosCopy_1/mid-semester-exams-practicals-robottt/build/maze_energy/build install --record /home/david/MidsermWS/midserm_rosCopy_1/mid-semester-exams-practicals-robottt/build/maze_energy/install.log --single-version-externally-managed install_data
[11.052s] Level 1:colcon.colcon_core.environment:checking '/home/david/MidsermWS/midserm_rosCopy_1/mid-semester-exams-practicals-robottt/install/maze_energy' for CMake module files
[11.055s] Level 1:colcon.colcon_core.environment:checking '/home/david/MidsermWS/midserm_rosCopy_1/mid-semester-exams-practicals-robottt/install/maze_energy' for CMake config files
[11.057s] Level 1:colcon.colcon_core.environment:checking '/home/david/MidsermWS/midserm_rosCopy_1/mid-semester-exams-practicals-robottt/install/maze_energy/lib'
[11.058s] Level 1:colcon.colcon_core.environment:checking '/home/david/MidsermWS/midserm_rosCopy_1/mid-semester-exams-practicals-robottt/install/maze_energy/bin'
[11.059s] Level 1:colcon.colcon_core.environment:checking '/home/david/MidsermWS/midserm_rosCopy_1/mid-semester-exams-practicals-robottt/install/maze_energy/lib/pkgconfig/maze_energy.pc'
[11.060s] Level 1:colcon.colcon_core.environment:checking '/home/david/MidsermWS/midserm_rosCopy_1/mid-semester-exams-practicals-robottt/install/maze_energy/lib/python3.12/site-packages'
[11.060s] Level 1:colcon.colcon_core.shell:create_environment_hook('maze_energy', 'pythonpath')
[11.061s] INFO:colcon.colcon_core.shell:Creating environment hook '/home/david/MidsermWS/midserm_rosCopy_1/mid-semester-exams-practicals-robottt/install/maze_energy/share/maze_energy/hook/pythonpath.ps1'
[11.063s] INFO:colcon.colcon_core.shell:Creating environment descriptor '/home/david/MidsermWS/midserm_rosCopy_1/mid-semester-exams-practicals-robottt/install/maze_energy/share/maze_energy/hook/pythonpath.dsv'
[11.065s] INFO:colcon.colcon_core.shell:Creating environment hook '/home/david/MidsermWS/midserm_rosCopy_1/mid-semester-exams-practicals-robottt/install/maze_energy/share/maze_energy/hook/pythonpath.sh'
[11.069s] Level 1:colcon.colcon_core.environment:checking '/home/david/MidsermWS/midserm_rosCopy_1/mid-semester-exams-practicals-robottt/install/maze_energy/bin'
[11.069s] Level 1:colcon.colcon_core.environment:create_environment_scripts_only(maze_energy)
[11.071s] INFO:colcon.colcon_core.shell:Creating package script '/home/david/MidsermWS/midserm_rosCopy_1/mid-semester-exams-practicals-robottt/install/maze_energy/share/maze_energy/package.ps1'
[11.074s] INFO:colcon.colcon_core.shell:Creating package descriptor '/home/david/MidsermWS/midserm_rosCopy_1/mid-semester-exams-practicals-robottt/install/maze_energy/share/maze_energy/package.dsv'
[11.076s] INFO:colcon.colcon_core.shell:Creating package script '/home/david/MidsermWS/midserm_rosCopy_1/mid-semester-exams-practicals-robottt/install/maze_energy/share/maze_energy/package.sh'
[11.079s] INFO:colcon.colcon_core.shell:Creating package script '/home/david/MidsermWS/midserm_rosCopy_1/mid-semester-exams-practicals-robottt/install/maze_energy/share/maze_energy/package.bash'
[11.082s] INFO:colcon.colcon_core.shell:Creating package script '/home/david/MidsermWS/midserm_rosCopy_1/mid-semester-exams-practicals-robottt/install/maze_energy/share/maze_energy/package.zsh'
[11.085s] Level 1:colcon.colcon_core.environment:create_file_with_runtime_dependencies(/home/david/MidsermWS/midserm_rosCopy_1/mid-semester-exams-practicals-robottt/install/maze_energy/share/colcon-core/packages/maze_energy)
[11.686s] Level 1:colcon.colcon_core.environment:checking '/home/david/MidsermWS/midserm_rosCopy_1/mid-semester-exams-practicals-robottt/install/rover_description' for CMake module files
[11.689s] DEBUG:colcon.colcon_core.event_handler.log_command:Invoked command in '/home/david/MidsermWS/midserm_rosCopy_1/mid-semester-exams-practicals-robottt/src/rover_description' returned '0': DEBUGINFOD_URLS=https://debuginfod.ubuntu.com PYTHONPATH=/home/david/MidsermWS/midserm_rosCopy_1/mid-semester-exams-practicals-robottt/build/rover_description/prefix_override:/usr/lib/python3/dist-packages/colcon_core/task/python/colcon_distutils_commands:/home/david/MidsermWS/midserm_rosCopy_1/mid-semester-exams-practicals-robottt/install/rover_description/lib/python3.12/site-packages:${PYTHONPATH} /usr/bin/python3 -W ignore:setup.py install is deprecated -W ignore:easy_install command is deprecated setup.py egg_info --egg-base ../../build/rover_description build --build-base /home/david/MidsermWS/midserm_rosCopy_1/mid-semester-exams-practicals-robottt/build/rover_description/build install --record /home/david/MidsermWS/midserm_rosCopy_1/mid-semester-exams-practicals-robottt/build/rover_description/install.log --single-version-externally-managed install_data
[11.690s] Level 1:colcon.colcon_core.environment:checking '/home/david/MidsermWS/midserm_rosCopy_1/mid-semester-exams-practicals-robottt/install/rover_description' for CMake config files
[11.692s] Level 1:colcon.colcon_core.environment:checking '/home/david/MidsermWS/midserm_rosCopy_1/mid-semester-exams-practicals-robottt/install/rover_description/lib'
[11.693s] Level 1:colcon.colcon_core.environment:checking '/home/david/MidsermWS/midserm_rosCopy_1/mid-semester-exams-practicals-robottt/install/rover_description/bin'
[11.693s] Level 1:colcon.colcon_core.environment:checking '/home/david/MidsermWS/midserm_rosCopy_1/mid-semester-exams-practicals-robottt/install/rover_description/lib/pkgconfig/rover_description.pc'
[11.694s] Level 1:colcon.colcon_core.environment:checking '/home/david/MidsermWS/midserm_rosCopy_1/mid-semester-exams-practicals-robottt/install/rover_description/lib/python3.12/site-packages'
[11.695s] Level 1:colcon.colcon_core.shell:create_environment_hook('rover_description', 'pythonpath')
[11.695s] INFO:colcon.colcon_core.shell:Creating environment hook '/home/david/MidsermWS/midserm_rosCopy_1/mid-semester-exams-practicals-robottt/install/rover_description/share/rover_description/hook/pythonpath.ps1'
[11.697s] INFO:colcon.colcon_core.shell:Creating environment descriptor '/home/david/MidsermWS/midserm_rosCopy_1/mid-semester-exams-practicals-robottt/install/rover_description/share/rover_description/hook/pythonpath.dsv'
[11.699s] INFO:colcon.colcon_core.shell:Creating environment hook '/home/david/MidsermWS/midserm_rosCopy_1/mid-semester-exams-practicals-robottt/install/rover_description/share/rover_description/hook/pythonpath.sh'
[11.701s] Level 1:colcon.colcon_core.environment:checking '/home/david/MidsermWS/midserm_rosCopy_1/mid-semester-exams-practicals-robottt/install/rover_description/bin'
[11.702s] Level 1:colcon.colcon_core.environment:create_environment_scripts_only(rover_description)
[11.703s] INFO:colcon.colcon_core.shell:Creating package script '/home/david/MidsermWS/midserm_rosCopy_1/mid-semester-exams-practicals-robottt/install/rover_description/share/rover_description/package.ps1'
[11.705s] INFO:colcon.colcon_core.shell:Creating package descriptor '/home/david/MidsermWS/midserm_rosCopy_1/mid-semester-exams-practicals-robottt/install/rover_description/share/rover_description/package.dsv'
[11.707s] INFO:colcon.colcon_core.shell:Creating package script '/home/david/MidsermWS/midserm_rosCopy_1/mid-semester-exams-practicals-robottt/install/rover_description/share/rover_description/package.sh'
[11.709s] INFO:colcon.colcon_core.shell:Creating package script '/home/david/MidsermWS/midserm_rosCopy_1/mid-semester-exams-practicals-robottt/install/rover_description/share/rover_description/package.bash'
[11.711s] INFO:colcon.colcon_core.shell:Creating package script '/home/david/MidsermWS/midserm_rosCopy_1/mid-semester-exams-practicals-robottt/install/rover_description/share/rover_description/package.zsh'
[11.713s] Level 1:colcon.colcon_core.environment:create_file_with_runtime_dependencies(/home/david/MidsermWS/midserm_rosCopy_1/mid-semester-exams-practicals-robottt/install/rover_description/share/colcon-core/packages/rover_description)
[11.714s] DEBUG:colcon.colcon_parallel_executor.executor.parallel:closing loop
[11.715s] DEBUG:colcon.colcon_parallel_executor.executor.parallel:loop closed
[11.715s] DEBUG:colcon.colcon_parallel_executor.executor.parallel:run_until_complete finished with '0'
[11.715s] DEBUG:colcon.colcon_core.event_reactor:joining thread
[11.750s] INFO:colcon.colcon_core.plugin_system:Skipping extension 'colcon_notification.desktop_notification.terminal_notifier': Not used on non-Darwin systems
[11.750s] INFO:colcon.colcon_core.plugin_system:Skipping extension 'colcon_notification.desktop_notification.win32': Not used on non-Windows systems
[11.751s] INFO:colcon.colcon_notification.desktop_notification:Sending desktop notification using 'notify2'
[11.846s] DEBUG:colcon.colcon_core.event_reactor:joined thread
[11.847s] INFO:colcon.colcon_core.shell:Creating prefix script '/home/david/MidsermWS/midserm_rosCopy_1/mid-semester-exams-practicals-robottt/install/local_setup.ps1'
[11.851s] INFO:colcon.colcon_core.shell:Creating prefix util module '/home/david/MidsermWS/midserm_rosCopy_1/mid-semester-exams-practicals-robottt/install/_local_setup_util_ps1.py'
[11.855s] INFO:colcon.colcon_core.shell:Creating prefix chain script '/home/david/MidsermWS/midserm_rosCopy_1/mid-semester-exams-practicals-robottt/install/setup.ps1'
[11.861s] INFO:colcon.colcon_core.shell:Creating prefix script '/home/david/MidsermWS/midserm_rosCopy_1/mid-semester-exams-practicals-robottt/install/local_setup.sh'
[11.864s] INFO:colcon.colcon_core.shell:Creating prefix util module '/home/david/MidsermWS/midserm_rosCopy_1/mid-semester-exams-practicals-robottt/install/_local_setup_util_sh.py'
[11.866s] INFO:colcon.colcon_core.shell:Creating prefix chain script '/home/david/MidsermWS/midserm_rosCopy_1/mid-semester-exams-practicals-robottt/install/setup.sh'
[11.873s] INFO:colcon.colcon_core.shell:Creating prefix script '/home/david/MidsermWS/midserm_rosCopy_1/mid-semester-exams-practicals-robottt/install/local_setup.bash'
[11.875s] INFO:colcon.colcon_core.shell:Creating prefix chain script '/home/david/MidsermWS/midserm_rosCopy_1/mid-semester-exams-practicals-robottt/install/setup.bash'
[11.881s] INFO:colcon.colcon_core.shell:Creating prefix script '/home/david/MidsermWS/midserm_rosCopy_1/mid-semester-exams-practicals-robottt/install/local_setup.zsh'
[11.883s] INFO:colcon.colcon_core.shell:Creating prefix chain script '/home/david/MidsermWS/midserm_rosCopy_1/mid-semester-exams-practicals-robottt/install/setup.zsh'
