running egg_info
creating ../../build/rover_description/rover_description.egg-info
writing ../../build/rover_description/rover_description.egg-info/PKG-INFO
writing dependency_links to ../../build/rover_description/rover_description.egg-info/dependency_links.txt
writing requirements to ../../build/rover_description/rover_description.egg-info/requires.txt
writing top-level names to ../../build/rover_description/rover_description.egg-info/top_level.txt
writing manifest file '../../build/rover_description/rover_description.egg-info/SOURCES.txt'
reading manifest file '../../build/rover_description/rover_description.egg-info/SOURCES.txt'
writing manifest file '../../build/rover_description/rover_description.egg-info/SOURCES.txt'
running build
running build_py
creating /home/david/MidsermWS/midserm_rosCopy_1/mid-semester-exams-practicals-robottt/build/rover_description/build
creating /home/david/MidsermWS/midserm_rosCopy_1/mid-semester-exams-practicals-robottt/build/rover_description/build/lib
creating /home/david/MidsermWS/midserm_rosCopy_1/mid-semester-exams-practicals-robottt/build/rover_description/build/lib/rover_description
copying rover_description/__init__.py -> /home/david/MidsermWS/midserm_rosCopy_1/mid-semester-exams-practicals-robottt/build/rover_description/build/lib/rover_description
running install
running install_lib
creating /home/david/MidsermWS/midserm_rosCopy_1/mid-semester-exams-practicals-robottt/install/rover_description/lib/python3.12/site-packages/rover_description
copying /home/david/MidsermWS/midserm_rosCopy_1/mid-semester-exams-practicals-robottt/build/rover_description/build/lib/rover_description/__init__.py -> /home/david/MidsermWS/midserm_rosCopy_1/mid-semester-exams-practicals-robottt/install/rover_description/lib/python3.12/site-packages/rover_description
byte-compiling /home/david/MidsermWS/midserm_rosCopy_1/mid-semester-exams-practicals-robottt/install/rover_description/lib/python3.12/site-packages/rover_description/__init__.py to __init__.cpython-312.pyc
running install_data
creating /home/david/MidsermWS/midserm_rosCopy_1/mid-semester-exams-practicals-robottt/install/rover_description/share/ament_index
creating /home/david/MidsermWS/midserm_rosCopy_1/mid-semester-exams-practicals-robottt/install/rover_description/share/ament_index/resource_index
creating /home/david/MidsermWS/midserm_rosCopy_1/mid-semester-exams-practicals-robottt/install/rover_description/share/ament_index/resource_index/packages
copying resource/rover_description -> /home/david/MidsermWS/midserm_rosCopy_1/mid-semester-exams-practicals-robottt/install/rover_description/share/ament_index/resource_index/packages
copying package.xml -> /home/david/MidsermWS/midserm_rosCopy_1/mid-semester-exams-practicals-robottt/install/rover_description/share/rover_description
creating /home/david/MidsermWS/midserm_rosCopy_1/mid-semester-exams-practicals-robottt/install/rover_description/share/rover_description/launch
copying launch/gazebo.launch.py -> /home/david/MidsermWS/midserm_rosCopy_1/mid-semester-exams-practicals-robottt/install/rover_description/share/rover_description/launch
copying launch/display.launch.py -> /home/david/MidsermWS/midserm_rosCopy_1/mid-semester-exams-practicals-robottt/install/rover_description/share/rover_description/launch
creating /home/david/MidsermWS/midserm_rosCopy_1/mid-semester-exams-practicals-robottt/install/rover_description/share/rover_description/urdf
copying urdf/rover.urdf.xacro -> /home/david/MidsermWS/midserm_rosCopy_1/mid-semester-exams-practicals-robottt/install/rover_description/share/rover_description/urdf
creating /home/david/MidsermWS/midserm_rosCopy_1/mid-semester-exams-practicals-robottt/install/rover_description/share/rover_description/meshes
copying meshes/70.stl -> /home/david/MidsermWS/midserm_rosCopy_1/mid-semester-exams-practicals-robottt/install/rover_description/share/rover_description/meshes
copying meshes/59.stl -> /home/david/MidsermWS/midserm_rosCopy_1/mid-semester-exams-practicals-robottt/install/rover_description/share/rover_description/meshes
copying meshes/63.stl -> /home/david/MidsermWS/midserm_rosCopy_1/mid-semester-exams-practicals-robottt/install/rover_description/share/rover_description/meshes
creating /home/david/MidsermWS/midserm_rosCopy_1/mid-semester-exams-practicals-robottt/install/rover_description/share/rover_description/rviz
running install_egg_info
Copying ../../build/rover_description/rover_description.egg-info to /home/david/MidsermWS/midserm_rosCopy_1/mid-semester-exams-practicals-robottt/install/rover_description/lib/python3.12/site-packages/rover_description-0.0.1-py3.12.egg-info
running install_scripts
writing list of installed files to '/home/david/MidsermWS/midserm_rosCopy_1/mid-semester-exams-practicals-robottt/build/rover_description/install.log'
