[0.531s] DEBUG:colcon:Command line arguments: ['/usr/bin/colcon', 'build', '--packages-select', 'rover_description']
[0.532s] DEBUG:colcon:Parsed command line arguments: Namespace(log_base=None, log_level=None, verb_name='build', build_base='build', install_base='install', merge_install=False, symlink_install=False, test_result_base=None, continue_on_error=False, executor='parallel', parallel_workers=2, event_handlers=None, ignore_user_meta=False, metas=['./colcon.meta'], base_paths=['.'], packages_ignore=None, packages_ignore_regex=None, paths=None, packages_up_to=None, packages_up_to_regex=None, packages_above=None, packages_above_and_dependencies=None, packages_above_depth=None, packages_select_by_dep=None, packages_skip_by_dep=None, packages_skip_up_to=None, packages_select_build_failed=False, packages_skip_build_finished=False, packages_select_test_failures=False, packages_skip_test_passed=False, packages_select=['rover_description'], packages_skip=None, packages_select_regex=None, packages_skip_regex=None, packages_start=None, packages_end=None, allow_overriding=[], cmake_args=None, cmake_target=None, cmake_target_skip_unavailable=False, cmake_clean_cache=False, cmake_clean_first=False, cmake_force_configure=False, ament_cmake_args=None, catkin_cmake_args=None, catkin_skip_building_tests=False, verb_parser=<colcon_defaults.argument_parser.defaults.DefaultArgumentsDecorator object at 0x76967197bd70>, verb_extension=<colcon_core.verb.build.BuildVerb object at 0x76967197b980>, main=<bound method BuildVerb.main of <colcon_core.verb.build.BuildVerb object at 0x76967197b980>>)
[0.721s] Level 1:colcon.colcon_core.package_discovery:discover_packages(colcon_meta) check parameters
[0.722s] Level 1:colcon.colcon_core.package_discovery:discover_packages(recursive) check parameters
[0.722s] Level 1:colcon.colcon_core.package_discovery:discover_packages(ignore) check parameters
[0.722s] Level 1:colcon.colcon_core.package_discovery:discover_packages(path) check parameters
[0.722s] Level 1:colcon.colcon_core.package_discovery:discover_packages(colcon_meta) discover
[0.722s] Level 1:colcon.colcon_core.package_discovery:discover_packages(recursive) discover
[0.723s] INFO:colcon.colcon_core.package_discovery:Crawling recursively for packages in '/home/david/MidsermWS/midserm_rosCopy_1/mid-semester-exams-practicals-robottt'
[0.723s] Level 1:colcon.colcon_core.package_identification:_identify(.) by extensions ['ignore', 'ignore_ament_install']
[0.724s] Level 1:colcon.colcon_core.package_identification:_identify(.) by extension 'ignore'
[0.724s] Level 1:colcon.colcon_core.package_identification:_identify(.) by extension 'ignore_ament_install'
[0.724s] Level 1:colcon.colcon_core.package_identification:_identify(.) by extensions ['colcon_pkg']
[0.724s] Level 1:colcon.colcon_core.package_identification:_identify(.) by extension 'colcon_pkg'
[0.724s] Level 1:colcon.colcon_core.package_identification:_identify(.) by extensions ['colcon_meta']
[0.725s] Level 1:colcon.colcon_core.package_identification:_identify(.) by extension 'colcon_meta'
[0.725s] Level 1:colcon.colcon_core.package_identification:_identify(.) by extensions ['ros']
[0.725s] Level 1:colcon.colcon_core.package_identification:_identify(.) by extension 'ros'
[0.858s] Level 1:colcon.colcon_core.package_identification:_identify(.) by extensions ['cmake', 'python']
[0.858s] Level 1:colcon.colcon_core.package_identification:_identify(.) by extension 'cmake'
[0.858s] Level 1:colcon.colcon_core.package_identification:_identify(.) by extension 'python'
[0.859s] Level 1:colcon.colcon_core.package_identification:_identify(.) by extensions ['python_setup_py']
[0.859s] Level 1:colcon.colcon_core.package_identification:_identify(.) by extension 'python_setup_py'
[0.859s] Level 1:colcon.colcon_core.package_identification:_identify(build) by extensions ['ignore', 'ignore_ament_install']
[0.860s] Level 1:colcon.colcon_core.package_identification:_identify(build) by extension 'ignore'
[0.860s] Level 1:colcon.colcon_core.package_identification:_identify(build) ignored
[0.861s] Level 1:colcon.colcon_core.package_identification:_identify(install) by extensions ['ignore', 'ignore_ament_install']
[0.861s] Level 1:colcon.colcon_core.package_identification:_identify(install) by extension 'ignore'
[0.861s] Level 1:colcon.colcon_core.package_identification:_identify(install) ignored
[0.862s] Level 1:colcon.colcon_core.package_identification:_identify(log) by extensions ['ignore', 'ignore_ament_install']
[0.862s] Level 1:colcon.colcon_core.package_identification:_identify(log) by extension 'ignore'
[0.862s] Level 1:colcon.colcon_core.package_identification:_identify(log) ignored
[0.862s] Level 1:colcon.colcon_core.package_identification:_identify(src) by extensions ['ignore', 'ignore_ament_install']
[0.863s] Level 1:colcon.colcon_core.package_identification:_identify(src) by extension 'ignore'
[0.863s] Level 1:colcon.colcon_core.package_identification:_identify(src) by extension 'ignore_ament_install'
[0.863s] Level 1:colcon.colcon_core.package_identification:_identify(src) by extensions ['colcon_pkg']
[0.863s] Level 1:colcon.colcon_core.package_identification:_identify(src) by extension 'colcon_pkg'
[0.864s] Level 1:colcon.colcon_core.package_identification:_identify(src) by extensions ['colcon_meta']
[0.864s] Level 1:colcon.colcon_core.package_identification:_identify(src) by extension 'colcon_meta'
[0.864s] Level 1:colcon.colcon_core.package_identification:_identify(src) by extensions ['ros']
[0.864s] Level 1:colcon.colcon_core.package_identification:_identify(src) by extension 'ros'
[0.864s] Level 1:colcon.colcon_core.package_identification:_identify(src) by extensions ['cmake', 'python']
[0.865s] Level 1:colcon.colcon_core.package_identification:_identify(src) by extension 'cmake'
[0.865s] Level 1:colcon.colcon_core.package_identification:_identify(src) by extension 'python'
[0.865s] Level 1:colcon.colcon_core.package_identification:_identify(src) by extensions ['python_setup_py']
[0.865s] Level 1:colcon.colcon_core.package_identification:_identify(src) by extension 'python_setup_py'
[0.865s] Level 1:colcon.colcon_core.package_identification:_identify(src/maze_energy) by extensions ['ignore', 'ignore_ament_install']
[0.866s] Level 1:colcon.colcon_core.package_identification:_identify(src/maze_energy) by extension 'ignore'
[0.866s] Level 1:colcon.colcon_core.package_identification:_identify(src/maze_energy) by extension 'ignore_ament_install'
[0.866s] Level 1:colcon.colcon_core.package_identification:_identify(src/maze_energy) by extensions ['colcon_pkg']
[0.866s] Level 1:colcon.colcon_core.package_identification:_identify(src/maze_energy) by extension 'colcon_pkg'
[0.867s] Level 1:colcon.colcon_core.package_identification:_identify(src/maze_energy) by extensions ['colcon_meta']
[0.867s] Level 1:colcon.colcon_core.package_identification:_identify(src/maze_energy) by extension 'colcon_meta'
[0.867s] Level 1:colcon.colcon_core.package_identification:_identify(src/maze_energy) by extensions ['ros']
[0.867s] Level 1:colcon.colcon_core.package_identification:_identify(src/maze_energy) by extension 'ros'
[0.877s] DEBUG:colcon.colcon_core.package_identification:Package 'src/maze_energy' with type 'ros.ament_python' and name 'maze_energy'
[0.878s] Level 1:colcon.colcon_core.package_identification:_identify(src/rover_description) by extensions ['ignore', 'ignore_ament_install']
[0.878s] Level 1:colcon.colcon_core.package_identification:_identify(src/rover_description) by extension 'ignore'
[0.879s] Level 1:colcon.colcon_core.package_identification:_identify(src/rover_description) by extension 'ignore_ament_install'
[0.879s] Level 1:colcon.colcon_core.package_identification:_identify(src/rover_description) by extensions ['colcon_pkg']
[0.879s] Level 1:colcon.colcon_core.package_identification:_identify(src/rover_description) by extension 'colcon_pkg'
[0.879s] Level 1:colcon.colcon_core.package_identification:_identify(src/rover_description) by extensions ['colcon_meta']
[0.879s] Level 1:colcon.colcon_core.package_identification:_identify(src/rover_description) by extension 'colcon_meta'
[0.880s] Level 1:colcon.colcon_core.package_identification:_identify(src/rover_description) by extensions ['ros']
[0.880s] Level 1:colcon.colcon_core.package_identification:_identify(src/rover_description) by extension 'ros'
[0.882s] DEBUG:colcon.colcon_core.package_identification:Package 'src/rover_description' with type 'ros.ament_python' and name 'rover_description'
[0.883s] Level 1:colcon.colcon_core.package_discovery:discover_packages(recursive) using defaults
[0.883s] Level 1:colcon.colcon_core.package_discovery:discover_packages(ignore) discover
[0.883s] Level 1:colcon.colcon_core.package_discovery:discover_packages(ignore) using defaults
[0.883s] Level 1:colcon.colcon_core.package_discovery:discover_packages(path) discover
[0.883s] Level 1:colcon.colcon_core.package_discovery:discover_packages(path) using defaults
[0.965s] INFO:colcon.colcon_core.package_selection:Skipping not selected package 'maze_energy' in 'src/maze_energy'
[0.966s] Level 1:colcon.colcon_core.package_discovery:discover_packages(prefix_path) check parameters
[0.967s] Level 1:colcon.colcon_core.package_discovery:discover_packages(prefix_path) discover
[0.971s] WARNING:colcon.colcon_core.prefix_path.colcon:The path '/home/david/MidsermWS/midserm_rosCopy_1/mid-semester-exams-practicals-robottt/src/install' in the environment variable COLCON_PREFIX_PATH doesn't exist
[0.972s] WARNING:colcon.colcon_ros.prefix_path.ament:The path '/home/david/MidsermWS/midserm_rosCopy_1/mid-semester-exams-practicals-robottt/src/install/rover_description' in the environment variable AMENT_PREFIX_PATH doesn't exist
[0.972s] WARNING:colcon.colcon_ros.prefix_path.ament:The path '/home/david/MidsermWS/midserm_rosCopy_1/mid-semester-exams-practicals-robottt/src/install/maze_energy' in the environment variable AMENT_PREFIX_PATH doesn't exist
[0.978s] DEBUG:colcon.colcon_installed_package_information.package_discovery:Found 2 installed packages in /home/david/MidsermWS/midserm_rosCopy_1/mid-semester-exams-practicals-robottt/install
[0.981s] DEBUG:colcon.colcon_installed_package_information.package_discovery:Found 4 installed packages in /home/david/ros2_ws/install
[0.992s] DEBUG:colcon.colcon_installed_package_information.package_discovery:Found 323 installed packages in /opt/ros/jazzy
[0.999s] Level 1:colcon.colcon_core.package_discovery:discover_packages(prefix_path) using defaults
[1.252s] Level 5:colcon.colcon_core.verb:set package 'rover_description' build argument 'cmake_args' from command line to 'None'
[1.252s] Level 5:colcon.colcon_core.verb:set package 'rover_description' build argument 'cmake_target' from command line to 'None'
[1.252s] Level 5:colcon.colcon_core.verb:set package 'rover_description' build argument 'cmake_target_skip_unavailable' from command line to 'False'
[1.252s] Level 5:colcon.colcon_core.verb:set package 'rover_description' build argument 'cmake_clean_cache' from command line to 'False'
[1.252s] Level 5:colcon.colcon_core.verb:set package 'rover_description' build argument 'cmake_clean_first' from command line to 'False'
[1.252s] Level 5:colcon.colcon_core.verb:set package 'rover_description' build argument 'cmake_force_configure' from command line to 'False'
[1.252s] Level 5:colcon.colcon_core.verb:set package 'rover_description' build argument 'ament_cmake_args' from command line to 'None'
[1.253s] Level 5:colcon.colcon_core.verb:set package 'rover_description' build argument 'catkin_cmake_args' from command line to 'None'
[1.253s] Level 5:colcon.colcon_core.verb:set package 'rover_description' build argument 'catkin_skip_building_tests' from command line to 'False'
[1.253s] DEBUG:colcon.colcon_core.verb:Building package 'rover_description' with the following arguments: {'ament_cmake_args': None, 'build_base': '/home/david/MidsermWS/midserm_rosCopy_1/mid-semester-exams-practicals-robottt/build/rover_description', 'catkin_cmake_args': None, 'catkin_skip_building_tests': False, 'cmake_args': None, 'cmake_clean_cache': False, 'cmake_clean_first': False, 'cmake_force_configure': False, 'cmake_target': None, 'cmake_target_skip_unavailable': False, 'install_base': '/home/david/MidsermWS/midserm_rosCopy_1/mid-semester-exams-practicals-robottt/install/rover_description', 'merge_install': False, 'path': '/home/david/MidsermWS/midserm_rosCopy_1/mid-semester-exams-practicals-robottt/src/rover_description', 'symlink_install': False, 'test_result_base': None}
[1.253s] INFO:colcon.colcon_core.executor:Executing jobs using 'parallel' executor
[1.258s] DEBUG:colcon.colcon_parallel_executor.executor.parallel:run_until_complete
[1.259s] INFO:colcon.colcon_ros.task.ament_python.build:Building ROS package in '/home/david/MidsermWS/midserm_rosCopy_1/mid-semester-exams-practicals-robottt/src/rover_description' with build type 'ament_python'
[1.263s] Level 1:colcon.colcon_core.shell:create_environment_hook('rover_description', 'ament_prefix_path')
[1.271s] INFO:colcon.colcon_core.plugin_system:Skipping extension 'colcon_core.shell.bat': Not used on non-Windows systems
[1.272s] INFO:colcon.colcon_core.shell:Creating environment hook '/home/david/MidsermWS/midserm_rosCopy_1/mid-semester-exams-practicals-robottt/install/rover_description/share/rover_description/hook/ament_prefix_path.ps1'
[1.275s] INFO:colcon.colcon_core.shell:Creating environment descriptor '/home/david/MidsermWS/midserm_rosCopy_1/mid-semester-exams-practicals-robottt/install/rover_description/share/rover_description/hook/ament_prefix_path.dsv'
[1.279s] INFO:colcon.colcon_core.shell:Creating environment hook '/home/david/MidsermWS/midserm_rosCopy_1/mid-semester-exams-practicals-robottt/install/rover_description/share/rover_description/hook/ament_prefix_path.sh'
[1.283s] INFO:colcon.colcon_core.shell:Skip shell extension 'powershell' for command environment: Not usable outside of PowerShell
[1.283s] DEBUG:colcon.colcon_core.shell:Skip shell extension 'dsv' for command environment
[2.453s] INFO:colcon.colcon_core.task.python.build:Building Python package in '/home/david/MidsermWS/midserm_rosCopy_1/mid-semester-exams-practicals-robottt/src/rover_description'
[2.454s] INFO:colcon.colcon_core.shell:Skip shell extension 'powershell' for command environment: Not usable outside of PowerShell
[2.454s] DEBUG:colcon.colcon_core.shell:Skip shell extension 'dsv' for command environment
[5.657s] DEBUG:colcon.colcon_core.event_handler.log_command:Invoking command in '/home/david/MidsermWS/midserm_rosCopy_1/mid-semester-exams-practicals-robottt/src/rover_description': DEBUGINFOD_URLS=https://debuginfod.ubuntu.com PYTHONPATH=/home/david/MidsermWS/midserm_rosCopy_1/mid-semester-exams-practicals-robottt/build/rover_description/prefix_override:/usr/lib/python3/dist-packages/colcon_core/task/python/colcon_distutils_commands:/home/david/MidsermWS/midserm_rosCopy_1/mid-semester-exams-practicals-robottt/install/rover_description/lib/python3.12/site-packages:${PYTHONPATH} /usr/bin/python3 -W ignore:setup.py install is deprecated -W ignore:easy_install command is deprecated setup.py egg_info --egg-base ../../build/rover_description build --build-base /home/david/MidsermWS/midserm_rosCopy_1/mid-semester-exams-practicals-robottt/build/rover_description/build install --record /home/david/MidsermWS/midserm_rosCopy_1/mid-semester-exams-practicals-robottt/build/rover_description/install.log --single-version-externally-managed install_data
[8.581s] DEBUG:colcon.colcon_core.event_handler.log_command:Invoked command in '/home/david/MidsermWS/midserm_rosCopy_1/mid-semester-exams-practicals-robottt/src/rover_description' returned '0': DEBUGINFOD_URLS=https://debuginfod.ubuntu.com PYTHONPATH=/home/david/MidsermWS/midserm_rosCopy_1/mid-semester-exams-practicals-robottt/build/rover_description/prefix_override:/usr/lib/python3/dist-packages/colcon_core/task/python/colcon_distutils_commands:/home/david/MidsermWS/midserm_rosCopy_1/mid-semester-exams-practicals-robottt/install/rover_description/lib/python3.12/site-packages:${PYTHONPATH} /usr/bin/python3 -W ignore:setup.py install is deprecated -W ignore:easy_install command is deprecated setup.py egg_info --egg-base ../../build/rover_description build --build-base /home/david/MidsermWS/midserm_rosCopy_1/mid-semester-exams-practicals-robottt/build/rover_description/build install --record /home/david/MidsermWS/midserm_rosCopy_1/mid-semester-exams-practicals-robottt/build/rover_description/install.log --single-version-externally-managed install_data
[8.590s] Level 1:colcon.colcon_core.environment:checking '/home/david/MidsermWS/midserm_rosCopy_1/mid-semester-exams-practicals-robottt/install/rover_description' for CMake module files
[8.593s] Level 1:colcon.colcon_core.environment:checking '/home/david/MidsermWS/midserm_rosCopy_1/mid-semester-exams-practicals-robottt/install/rover_description' for CMake config files
[8.596s] Level 1:colcon.colcon_core.environment:checking '/home/david/MidsermWS/midserm_rosCopy_1/mid-semester-exams-practicals-robottt/install/rover_description/lib'
[8.597s] Level 1:colcon.colcon_core.environment:checking '/home/david/MidsermWS/midserm_rosCopy_1/mid-semester-exams-practicals-robottt/install/rover_description/bin'
[8.597s] Level 1:colcon.colcon_core.environment:checking '/home/david/MidsermWS/midserm_rosCopy_1/mid-semester-exams-practicals-robottt/install/rover_description/lib/pkgconfig/rover_description.pc'
[8.598s] Level 1:colcon.colcon_core.environment:checking '/home/david/MidsermWS/midserm_rosCopy_1/mid-semester-exams-practicals-robottt/install/rover_description/lib/python3.12/site-packages'
[8.598s] Level 1:colcon.colcon_core.shell:create_environment_hook('rover_description', 'pythonpath')
[8.599s] INFO:colcon.colcon_core.shell:Creating environment hook '/home/david/MidsermWS/midserm_rosCopy_1/mid-semester-exams-practicals-robottt/install/rover_description/share/rover_description/hook/pythonpath.ps1'
[8.601s] INFO:colcon.colcon_core.shell:Creating environment descriptor '/home/david/MidsermWS/midserm_rosCopy_1/mid-semester-exams-practicals-robottt/install/rover_description/share/rover_description/hook/pythonpath.dsv'
[8.603s] INFO:colcon.colcon_core.shell:Creating environment hook '/home/david/MidsermWS/midserm_rosCopy_1/mid-semester-exams-practicals-robottt/install/rover_description/share/rover_description/hook/pythonpath.sh'
[8.607s] Level 1:colcon.colcon_core.environment:checking '/home/david/MidsermWS/midserm_rosCopy_1/mid-semester-exams-practicals-robottt/install/rover_description/bin'
[8.607s] Level 1:colcon.colcon_core.environment:create_environment_scripts_only(rover_description)
[8.608s] INFO:colcon.colcon_core.shell:Creating package script '/home/david/MidsermWS/midserm_rosCopy_1/mid-semester-exams-practicals-robottt/install/rover_description/share/rover_description/package.ps1'
[8.612s] INFO:colcon.colcon_core.shell:Creating package descriptor '/home/david/MidsermWS/midserm_rosCopy_1/mid-semester-exams-practicals-robottt/install/rover_description/share/rover_description/package.dsv'
[8.614s] INFO:colcon.colcon_core.shell:Creating package script '/home/david/MidsermWS/midserm_rosCopy_1/mid-semester-exams-practicals-robottt/install/rover_description/share/rover_description/package.sh'
[8.618s] INFO:colcon.colcon_core.shell:Creating package script '/home/david/MidsermWS/midserm_rosCopy_1/mid-semester-exams-practicals-robottt/install/rover_description/share/rover_description/package.bash'
[8.621s] INFO:colcon.colcon_core.shell:Creating package script '/home/david/MidsermWS/midserm_rosCopy_1/mid-semester-exams-practicals-robottt/install/rover_description/share/rover_description/package.zsh'
[8.624s] Level 1:colcon.colcon_core.environment:create_file_with_runtime_dependencies(/home/david/MidsermWS/midserm_rosCopy_1/mid-semester-exams-practicals-robottt/install/rover_description/share/colcon-core/packages/rover_description)
[8.626s] DEBUG:colcon.colcon_parallel_executor.executor.parallel:closing loop
[8.630s] DEBUG:colcon.colcon_parallel_executor.executor.parallel:loop closed
[8.630s] DEBUG:colcon.colcon_parallel_executor.executor.parallel:run_until_complete finished with '0'
[8.630s] DEBUG:colcon.colcon_core.event_reactor:joining thread
[8.680s] INFO:colcon.colcon_core.plugin_system:Skipping extension 'colcon_notification.desktop_notification.terminal_notifier': Not used on non-Darwin systems
[8.681s] INFO:colcon.colcon_core.plugin_system:Skipping extension 'colcon_notification.desktop_notification.win32': Not used on non-Windows systems
[8.681s] INFO:colcon.colcon_notification.desktop_notification:Sending desktop notification using 'notify2'
[8.758s] DEBUG:colcon.colcon_core.event_reactor:joined thread
[8.759s] INFO:colcon.colcon_core.shell:Creating prefix script '/home/david/MidsermWS/midserm_rosCopy_1/mid-semester-exams-practicals-robottt/install/local_setup.ps1'
[8.762s] INFO:colcon.colcon_core.shell:Creating prefix util module '/home/david/MidsermWS/midserm_rosCopy_1/mid-semester-exams-practicals-robottt/install/_local_setup_util_ps1.py'
[8.767s] INFO:colcon.colcon_core.shell:Creating prefix chain script '/home/david/MidsermWS/midserm_rosCopy_1/mid-semester-exams-practicals-robottt/install/setup.ps1'
[8.775s] INFO:colcon.colcon_core.shell:Creating prefix script '/home/david/MidsermWS/midserm_rosCopy_1/mid-semester-exams-practicals-robottt/install/local_setup.sh'
[8.777s] INFO:colcon.colcon_core.shell:Creating prefix util module '/home/david/MidsermWS/midserm_rosCopy_1/mid-semester-exams-practicals-robottt/install/_local_setup_util_sh.py'
[8.781s] INFO:colcon.colcon_core.shell:Creating prefix chain script '/home/david/MidsermWS/midserm_rosCopy_1/mid-semester-exams-practicals-robottt/install/setup.sh'
[8.788s] INFO:colcon.colcon_core.shell:Creating prefix script '/home/david/MidsermWS/midserm_rosCopy_1/mid-semester-exams-practicals-robottt/install/local_setup.bash'
[8.791s] INFO:colcon.colcon_core.shell:Creating prefix chain script '/home/david/MidsermWS/midserm_rosCopy_1/mid-semester-exams-practicals-robottt/install/setup.bash'
[8.797s] INFO:colcon.colcon_core.shell:Creating prefix script '/home/david/MidsermWS/midserm_rosCopy_1/mid-semester-exams-practicals-robottt/install/local_setup.zsh'
[8.799s] INFO:colcon.colcon_core.shell:Creating prefix chain script '/home/david/MidsermWS/midserm_rosCopy_1/mid-semester-exams-practicals-robottt/install/setup.zsh'
