[4.396s] Invoking command in '/home/david/MidsermWS/midserm_rosCopy_1/mid-semester-exams-practicals-robottt/src/rover_description': DEBUGINFOD_URLS=https://debuginfod.ubuntu.com PYTHONPATH=/home/david/MidsermWS/midserm_rosCopy_1/mid-semester-exams-practicals-robottt/build/rover_description/prefix_override:/usr/lib/python3/dist-packages/colcon_core/task/python/colcon_distutils_commands:/home/david/MidsermWS/midserm_rosCopy_1/mid-semester-exams-practicals-robottt/install/rover_description/lib/python3.12/site-packages:${PYTHONPATH} /usr/bin/python3 -W ignore:setup.py install is deprecated -W ignore:easy_install command is deprecated setup.py egg_info --egg-base ../../build/rover_description build --build-base /home/david/MidsermWS/midserm_rosCopy_1/mid-semester-exams-practicals-robottt/build/rover_description/build install --record /home/david/MidsermWS/midserm_rosCopy_1/mid-semester-exams-practicals-robottt/build/rover_description/install.log --single-version-externally-managed install_data
[5.831s] running egg_info
[5.937s] writing ../../build/rover_description/rover_description.egg-info/PKG-INFO
[5.938s] writing dependency_links to ../../build/rover_description/rover_description.egg-info/dependency_links.txt
[5.940s] writing requirements to ../../build/rover_description/rover_description.egg-info/requires.txt
[5.940s] writing top-level names to ../../build/rover_description/rover_description.egg-info/top_level.txt
[6.158s] reading manifest file '../../build/rover_description/rover_description.egg-info/SOURCES.txt'
[6.164s] writing manifest file '../../build/rover_description/rover_description.egg-info/SOURCES.txt'
[6.172s] running build
[6.176s] running build_py
[6.177s] running install
[6.193s] running install_lib
[6.309s] running install_data
[6.312s] copying launch/gazebo.launch.py -> /home/david/MidsermWS/midserm_rosCopy_1/mid-semester-exams-practicals-robottt/install/rover_description/share/rover_description/launch
[6.313s] copying launch/display.launch.py -> /home/david/MidsermWS/midserm_rosCopy_1/mid-semester-exams-practicals-robottt/install/rover_description/share/rover_description/launch
[6.317s] running install_egg_info
[6.426s] removing '/home/david/MidsermWS/midserm_rosCopy_1/mid-semester-exams-practicals-robottt/install/rover_description/lib/python3.12/site-packages/rover_description-0.0.1-py3.12.egg-info' (and everything under it)
[6.428s] Copying ../../build/rover_description/rover_description.egg-info to /home/david/MidsermWS/midserm_rosCopy_1/mid-semester-exams-practicals-robottt/install/rover_description/lib/python3.12/site-packages/rover_description-0.0.1-py3.12.egg-info
[6.432s] running install_scripts
[7.138s] writing list of installed files to '/home/david/MidsermWS/midserm_rosCopy_1/mid-semester-exams-practicals-robottt/build/rover_description/install.log'
[7.320s] Invoked command in '/home/david/MidsermWS/midserm_rosCopy_1/mid-semester-exams-practicals-robottt/src/rover_description' returned '0': DEBUGINFOD_URLS=https://debuginfod.ubuntu.com PYTHONPATH=/home/david/MidsermWS/midserm_rosCopy_1/mid-semester-exams-practicals-robottt/build/rover_description/prefix_override:/usr/lib/python3/dist-packages/colcon_core/task/python/colcon_distutils_commands:/home/david/MidsermWS/midserm_rosCopy_1/mid-semester-exams-practicals-robottt/install/rover_description/lib/python3.12/site-packages:${PYTHONPATH} /usr/bin/python3 -W ignore:setup.py install is deprecated -W ignore:easy_install command is deprecated setup.py egg_info --egg-base ../../build/rover_description build --build-base /home/david/MidsermWS/midserm_rosCopy_1/mid-semester-exams-practicals-robottt/build/rover_description/build install --record /home/david/MidsermWS/midserm_rosCopy_1/mid-semester-exams-practicals-robottt/build/rover_description/install.log --single-version-externally-managed install_data
